C:\Users\Mahon\AppData\Local\Programs\Python\Python313\Lib\site-packages\torchvision\models\_utils.py:208: UserWarning: The parameter 'pretrained' is deprecated since 0.13 and may be removed in the future, please use 'weights' instead.
  warnings.warn(
C:\Users\Mahon\AppData\Local\Programs\Python\Python313\Lib\site-packages\torchvision\models\_utils.py:223: UserWarning: Arguments other than a weight enum or `None` for 'weights' are deprecated since 0.13 and may be removed in the future. The current behavior is equivalent to passing `weights=ResNet50_Weights.IMAGENET1K_V1`. You can also use `weights=ResNet50_Weights.DEFAULT` to get the most up-to-date weights.
  warnings.warn(msg)

Load Dataset
label column: label
label dictionary: {'normal_tissue': 0, 'tumor_tissue': 1}
number of classes: 2
slide-level counts:  
 label
0    262
1     88
Name: count, dtype: int64
Patient-LVL; Number of samples registered in class 0: 110
Slide-LVL; Number of samples registered in class 0: 262
Patient-LVL; Number of samples registered in class 1: 66
Slide-LVL; Number of samples registered in class 1: 88
split_dir:  C:/Users/Mahon/Documents/Research/CLAM/splits/task_1_tumor_vs_normal_100_ims1
################# Settings ###################
num_splits:  3
k_start:  -1
k_end:  -1
task:  task_1_tumor_vs_normal
max_epochs:  200
results_dir:  results
lr:  0.0001
experiment:  autogen_exp
reg:  1e-05
label_frac:  1.0
bag_loss:  ce
seed:  1
model_type:  clam_mb
model_size:  small
use_drop_out:  0.25
weighted_sample:  False
opt:  adam
bag_weight:  0.7
inst_loss:  None
B:  8
split_dir:  C:/Users/Mahon/Documents/Research/CLAM/splits/task_1_tumor_vs_normal_100_ims1

Load Dataset
label column: label
label dictionary: {'normal_tissue': 0, 'tumor_tissue': 1}
number of classes: 2
slide-level counts:  
 label
0    262
1     88
Name: count, dtype: int64
Patient-LVL; Number of samples registered in class 0: 110
Slide-LVL; Number of samples registered in class 0: 262
Patient-LVL; Number of samples registered in class 1: 66
Slide-LVL; Number of samples registered in class 1: 88
split_dir:  C:/Users/Mahon/Documents/Research/CLAM/splits/task_1_tumor_vs_normal_100_ims1
################# Settings ###################
num_splits:  3
k_start:  -1
k_end:  -1
task:  task_1_tumor_vs_normal
max_epochs:  200
results_dir:  results
lr:  0.0001
experiment:  autogen_exp
reg:  1e-05
label_frac:  1.0
bag_loss:  ce
seed:  1
model_type:  clam_mb
model_size:  small
use_drop_out:  0.25
weighted_sample:  False
opt:  adam
bag_weight:  0.7
inst_loss:  None
B:  8
split_dir:  C:/Users/Mahon/Documents/Research/CLAM/splits/task_1_tumor_vs_normal_100_ims1

Load Dataset
label column: label
label dictionary: {'normal_tissue': 0, 'tumor_tissue': 1}
number of classes: 2
slide-level counts:  
 label
0    262
1     88
Name: count, dtype: int64
Patient-LVL; Number of samples registered in class 0: 110
Slide-LVL; Number of samples registered in class 0: 262
Patient-LVL; Number of samples registered in class 1: 66
Slide-LVL; Number of samples registered in class 1: 88
split_dir:  C:/Users/Mahon/Documents/Research/CLAM/splits/task_1_tumor_vs_normal_100_ims1
################# Settings ###################
num_splits:  3
k_start:  -1
k_end:  -1
task:  task_1_tumor_vs_normal
max_epochs:  200
results_dir:  results
lr:  0.0001
experiment:  autogen_exp
reg:  1e-05
label_frac:  1.0
bag_loss:  ce
seed:  1
model_type:  clam_mb
model_size:  small
use_drop_out:  0.25
weighted_sample:  False
opt:  adam
bag_weight:  0.7
inst_loss:  None
B:  8
split_dir:  C:/Users/Mahon/Documents/Research/CLAM/splits/task_1_tumor_vs_normal_100_ims1

Load Dataset
label column: label
label dictionary: {'normal_tissue': 0, 'tumor_tissue': 1}
number of classes: 2
slide-level counts:  
 label
0    262
1     88
Name: count, dtype: int64
Patient-LVL; Number of samples registered in class 0: 110
Slide-LVL; Number of samples registered in class 0: 262
Patient-LVL; Number of samples registered in class 1: 66
Slide-LVL; Number of samples registered in class 1: 88
split_dir:  C:/Users/Mahon/Documents/Research/CLAM/splits/task_1_tumor_vs_normal_100_ims1
################# Settings ###################
num_splits:  3
k_start:  -1
k_end:  -1
task:  task_1_tumor_vs_normal
max_epochs:  200
results_dir:  results
lr:  0.0001
experiment:  autogen_exp
reg:  1e-05
label_frac:  1.0
bag_loss:  ce
seed:  1
model_type:  clam_mb
model_size:  small
use_drop_out:  0.25
weighted_sample:  False
opt:  adam
bag_weight:  0.7
inst_loss:  None
B:  8
split_dir:  C:/Users/Mahon/Documents/Research/CLAM/splits/task_1_tumor_vs_normal_100_ims1

Load Dataset
label column: label
label dictionary: {'normal_tissue': 0, 'tumor_tissue': 1}
number of classes: 2
slide-level counts:  
 label
0    262
1     88
Name: count, dtype: int64
Patient-LVL; Number of samples registered in class 0: 110
Slide-LVL; Number of samples registered in class 0: 262
Patient-LVL; Number of samples registered in class 1: 66
Slide-LVL; Number of samples registered in class 1: 88
split_dir:  C:/Users/Mahon/Documents/Research/CLAM/splits/task_1_tumor_vs_normal_100_ims1
################# Settings ###################
num_splits:  3
k_start:  -1
k_end:  -1
task:  task_1_tumor_vs_normal
max_epochs:  200
results_dir:  results
lr:  0.0001
experiment:  autogen_exp
reg:  1e-05
label_frac:  1.0
bag_loss:  ce
seed:  1
model_type:  clam_mb
model_size:  small
use_drop_out:  0.25
weighted_sample:  False
opt:  adam
bag_weight:  0.7
inst_loss:  None
B:  8
split_dir:  C:/Users/Mahon/Documents/Research/CLAM/splits/task_1_tumor_vs_normal_100_ims1
Starting SSL pretraining...
Traceback (most recent call last):
  File "C:\Users\Mahon\Documents\Research\CLAM\experiments\main_experiment_20250619_190108.py", line 823, in <module>
    results = main(args)
  File "C:\Users\Mahon\Documents\Research\CLAM\experiments\main_experiment_20250619_190108.py", line 612, in main
    ssl_pretrain(args, encoder, ssl_pretrain_loader)
    ~~~~~~~~~~~~^^^^^^^^^^^^^^^^^^^^^^^^^^^^^^^^^^^^
  File "C:\Users\Mahon\Documents\Research\CLAM\experiments\main_experiment_20250619_190108.py", line 551, in ssl_pretrain
    data = data.permute(0, 3, 1, 2)  # Assuming data is in NHWC format, convert to NCHW
RuntimeError: permute(sparse_coo): number of dimensions in the tensor input does not match the length of the desired ordering of dimensions i.e. input.dim() = 3 is not equal to len(dims) = 4
